<?xml version="1.0" encoding="UTF-8"?>
<!-- Generated by org.testng.reporters.JUnitXMLReporter -->
<testsuite ignored="0" hostname="LAPTOP-TVNS7TF3" failures="1" tests="1" name="firefox" time="12.93" errors="0" timestamp="2025-01-16T22:59:15 IST">
  <testcase classname="qa.tests.LoginPage" name="Login" time="2.2">
    <failure type="java.lang.AssertionError" message="expected [Sign out] but found []">
      <![CDATA[java.lang.AssertionError: expected [Sign out] but found []
at pageEvents.HomePageEvents.landingPage(HomePageEvents.java:20)
at qa.tests.LoginPage.Login(LoginPage.java:18)
at java.base/java.util.ArrayList.forEach(ArrayList.java:1596)
... Removed 31 stack frames]]>
    </failure>
  </testcase> <!-- Login -->
</testsuite> <!-- firefox -->
