<?xml version="1.0" encoding="UTF-8"?>
<testsuite xmlns:xsi="http://www.w3.org/2001/XMLSchema-instance" xsi:noNamespaceSchemaLocation="https://maven.apache.org/surefire/maven-surefire-plugin/xsd/surefire-test-report-3.0.xsd" version="3.0" name="TestSuite" time="24.398" tests="1" errors="0" skipped="0" failures="0">
  <properties>
[...]
</properties>
  <testcase name="Login" classname="qa.tests.LoginPage" time="8.254">
    <system-out><![CDATA[15:57:01.903 [main] DEBUG org.testng.TestNG -- suiteXmlPath: "C:\Users\SQE Labs\eclipse-workspace\SeleniumFramework\testng.xml"
15:57:02.491 [main] DEBUG com.aventstack.chaintest.service.ChainPluginService -- Found configuration entry chaintest.generator.email.enabled, will use chaintest.generator.email.class-name to resolve class
15:57:02.493 [main] DEBUG com.aventstack.chaintest.service.ChainPluginService -- Found configuration entry chaintest.generator.chainlp.enabled, will use chaintest.generator.chainlp.class-name to resolve class
15:57:02.494 [main] DEBUG com.aventstack.chaintest.service.ChainPluginService -- Found configuration entry chaintest.generator.simple.enabled, will use chaintest.generator.simple.class-name to resolve class
15:57:02.495 [main] DEBUG com.aventstack.chaintest.generator.FileGenerator -- Loading template index.ftl for class class com.aventstack.chaintest.generator.ChainTestEmailGenerator with basePackagePath email/
15:57:03.051 [main] DEBUG com.aventstack.chaintest.http.HttpRetryHandler -- Creating HttpRetryHandler instance for 3 retry attempts
15:57:03.113 [main] DEBUG com.aventstack.chaintest.http.ChainTestApiClient -- Created request for entity Build with body: {"id":0,"projectId":0,"projectName":"Sample","startedAt":1737368823051,"endedAt":0,"durationMs":0,"executionStage":"IN_PROGRESS","testRunner":"testng","name":null,"result":"PASSED","tagStatsMonitor":{},"tags":[],"gitRepository":null,"gitBranch":null,"gitCommitHash":null,"gitTags":null,"gitCommitMessage":null,"systemInfo":[{"id":0,"name":"java.version","val":"21.0.5"},{"id":0,"name":"java.vm.name","val":"Java HotSpot(TM) 64-Bit Server VM"},{"id":0,"name":"java.vm.vendor","val":"Oracle Corporation"},{"id":0,"name":"java.class.version","val":"65.0"},{"id":0,"name":"java.runtime.name","val":"Java(TM) SE Runtime Environment"},{"id":0,"name":"os.name","val":"Windows 11"},{"id":0,"name":"os.arch","val":"amd64"},{"id":0,"name":"os.version","val":"10.0"}],"bdd":false,"durationPretty":"0ms"}
15:57:03.237 [HttpClient-1-Worker-2] DEBUG com.aventstack.chaintest.http.JsonMappedBodyHandler -- Received response from service: {"id":133,"projectId":2,"name":null,"number":null,"projectName":"Sample","buildstats":null,"tagStats":null,"systemInfo":[{"name":"os.name","val":"Windows 11"},{"name":"os.version","val":"10.0"},{"name":"os.arch","val":"amd64"},{"name":"java.class.version","val":"65.0"},{"name":"java.vm.name","val":"Java HotSpot(TM) 64-Bit Server VM"},{"name":"java.vm.vendor","val":"Oracle Corporation"},{"name":"java.runtime.name","val":"Java(TM) SE Runtime Environment"},{"name":"java.version","val":"21.0.5"}],"startedAt":1737368823051,"endedAt":0,"durationMs":0,"executionStage":"IN_PROGRESS","testRunner":"testng","result":"PASSED","tags":[],"bdd":false}
15:57:03.282 [main] DEBUG com.aventstack.chaintest.http.HttpRetryHandler -- Create API returned responseCode: 200
15:57:03.282 [main] DEBUG com.aventstack.chaintest.generator.ChainLPGenerator -- All tests in this run will be associated with buildId: 133
15:57:03.284 [main] DEBUG com.aventstack.chaintest.generator.FileGenerator -- Loading template index.ftl for class class com.aventstack.chaintest.generator.ChainTestSimpleGenerator with basePackagePath simple
15:57:03.391 [main] INFO pageObjects.PageObjectManager -- Creating a new instance of PageObjectManager.
15:57:03.391 [main] INFO pageObjects.PageObjectManager -- Initializing PageObjectManager.
15:57:03.395 [main] DEBUG pageObjects.PageObjectManager -- LoginPageEvents instance created.
15:57:03.396 [main] DEBUG pageObjects.PageObjectManager -- HomePageEvents instance created.
15:57:03.396 [main] DEBUG pageObjects.PageObjectManager -- Returning LoginPageEvents instance.
15:57:03.396 [main] DEBUG pageObjects.PageObjectManager -- Returning HomePageEvents instance.
15:57:04.598 [main] DEBUG io.netty.util.internal.logging.InternalLoggerFactory -- Using SLF4J as the default logging framework
15:57:04.600 [main] DEBUG io.netty.util.ResourceLeakDetector -- -Dio.netty.leakDetection.level: simple
15:57:04.600 [main] DEBUG io.netty.util.ResourceLeakDetector -- -Dio.netty.leakDetection.targetRecords: 4
15:57:04.607 [main] DEBUG io.netty.util.ResourceLeakDetectorFactory -- Loaded default ResourceLeakDetector: io.netty.util.ResourceLeakDetector@7c8f9c2e
15:57:04.621 [main] DEBUG io.netty.util.internal.PlatformDependent0 -- -Dio.netty.noUnsafe: false
15:57:04.621 [main] DEBUG io.netty.util.internal.PlatformDependent0 -- Java version: 21
15:57:04.622 [main] DEBUG io.netty.util.internal.PlatformDependent0 -- sun.misc.Unsafe.theUnsafe: available
15:57:04.623 [main] DEBUG io.netty.util.internal.PlatformDependent0 -- sun.misc.Unsafe.copyMemory: available
15:57:04.624 [main] DEBUG io.netty.util.internal.PlatformDependent0 -- sun.misc.Unsafe.storeFence: available
15:57:04.626 [main] DEBUG io.netty.util.internal.PlatformDependent0 -- java.nio.Buffer.address: available
15:57:04.628 [main] DEBUG io.netty.util.internal.PlatformDependent0 -- direct buffer constructor: unavailable: java.nio.DirectByteBuffer.<init>(long,int)
15:57:04.629 [main] DEBUG io.netty.util.internal.PlatformDependent0 -- java.nio.Bits.unaligned: available, true
15:57:04.630 [main] DEBUG io.netty.util.internal.PlatformDependent0 -- jdk.internal.misc.Unsafe.allocateUninitializedArray(int): unavailable: class io.netty.util.internal.PlatformDependent0$7 cannot access class jdk.internal.misc.Unsafe (in module java.base) because module java.base does not export jdk.internal.misc to unnamed module @7a5ceedd
15:57:04.631 [main] DEBUG io.netty.util.internal.PlatformDependent0 -- java.nio.DirectByteBuffer.<init>(long, int): unavailable
15:57:04.631 [main] DEBUG io.netty.util.internal.PlatformDependent -- sun.misc.Unsafe: available
15:57:04.633 [main] DEBUG io.netty.util.internal.PlatformDependent -- maxDirectMemory: 4223664128 bytes (maybe)
15:57:04.633 [main] DEBUG io.netty.util.internal.PlatformDependent -- -Dio.netty.tmpdir: C:\Users\SQELAB~1\AppData\Local\Temp (java.io.tmpdir)
15:57:04.634 [main] DEBUG io.netty.util.internal.PlatformDependent -- -Dio.netty.bitMode: 64 (sun.arch.data.model)
15:57:04.634 [main] DEBUG io.netty.util.internal.PlatformDependent -- Platform: Windows
15:57:04.635 [main] DEBUG io.netty.util.internal.PlatformDependent -- -Dio.netty.maxDirectMemory: -1 bytes
15:57:04.635 [main] DEBUG io.netty.util.internal.PlatformDependent -- -Dio.netty.uninitializedArrayAllocationThreshold: -1
15:57:04.636 [main] DEBUG io.netty.util.internal.CleanerJava9 -- java.nio.ByteBuffer.cleaner(): available
15:57:04.637 [main] DEBUG io.netty.util.internal.PlatformDependent -- -Dio.netty.noPreferDirect: false
15:57:04.644 [main] DEBUG io.netty.util.internal.PlatformDependent -- org.jctools-core.MpscChunkedArrayQueue: available
15:57:04.671 [main] DEBUG io.netty.util.internal.InternalThreadLocalMap -- -Dio.netty.threadLocalMap.stringBuilder.initialSize: 1024
15:57:04.673 [main] DEBUG io.netty.util.internal.InternalThreadLocalMap -- -Dio.netty.threadLocalMap.stringBuilder.maxSize: 4096
15:57:04.686 [main] DEBUG io.netty.handler.ssl.JdkSslContext -- Default protocols (JDK): [TLSv1.3, TLSv1.2] 
15:57:04.686 [main] DEBUG io.netty.handler.ssl.JdkSslContext -- Default cipher suites (JDK): [TLS_ECDHE_ECDSA_WITH_AES_256_GCM_SHA384, TLS_ECDHE_ECDSA_WITH_AES_128_GCM_SHA256, TLS_ECDHE_RSA_WITH_AES_128_GCM_SHA256, TLS_ECDHE_RSA_WITH_AES_256_GCM_SHA384, TLS_ECDHE_RSA_WITH_AES_128_CBC_SHA, TLS_ECDHE_RSA_WITH_AES_256_CBC_SHA, TLS_RSA_WITH_AES_128_GCM_SHA256, TLS_RSA_WITH_AES_128_CBC_SHA, TLS_RSA_WITH_AES_256_CBC_SHA, TLS_AES_128_GCM_SHA256, TLS_AES_256_GCM_SHA384]
15:57:04.695 [main] DEBUG io.netty.util.concurrent.GlobalEventExecutor -- -Dio.netty.globalEventExecutor.quietPeriodSeconds: 1
15:57:04.706 [main] DEBUG io.netty.channel.MultithreadEventLoopGroup -- -Dio.netty.eventLoopThreads: 24
15:57:04.711 [main] DEBUG io.netty.channel.nio.NioEventLoop -- -Dio.netty.noKeySetOptimization: false
15:57:04.712 [main] DEBUG io.netty.channel.nio.NioEventLoop -- -Dio.netty.selectorAutoRebuildThreshold: 512
15:57:04.755 [main] DEBUG io.netty.buffer.PooledByteBufAllocator -- -Dio.netty.allocator.numHeapArenas: 24
15:57:04.755 [main] DEBUG io.netty.buffer.PooledByteBufAllocator -- -Dio.netty.allocator.numDirectArenas: 24
15:57:04.755 [main] DEBUG io.netty.buffer.PooledByteBufAllocator -- -Dio.netty.allocator.pageSize: 8192
15:57:04.755 [main] DEBUG io.netty.buffer.PooledByteBufAllocator -- -Dio.netty.allocator.maxOrder: 9
15:57:04.755 [main] DEBUG io.netty.buffer.PooledByteBufAllocator -- -Dio.netty.allocator.chunkSize: 4194304
15:57:04.755 [main] DEBUG io.netty.buffer.PooledByteBufAllocator -- -Dio.netty.allocator.smallCacheSize: 256
15:57:04.755 [main] DEBUG io.netty.buffer.PooledByteBufAllocator -- -Dio.netty.allocator.normalCacheSize: 64
15:57:04.755 [main] DEBUG io.netty.buffer.PooledByteBufAllocator -- -Dio.netty.allocator.maxCachedBufferCapacity: 32768
15:57:04.755 [main] DEBUG io.netty.buffer.PooledByteBufAllocator -- -Dio.netty.allocator.cacheTrimInterval: 8192
15:57:04.755 [main] DEBUG io.netty.buffer.PooledByteBufAllocator -- -Dio.netty.allocator.cacheTrimIntervalMillis: 0
15:57:04.755 [main] DEBUG io.netty.buffer.PooledByteBufAllocator -- -Dio.netty.allocator.useCacheForAllThreads: false
15:57:04.755 [main] DEBUG io.netty.buffer.PooledByteBufAllocator -- -Dio.netty.allocator.maxCachedByteBuffersPerChunk: 1023
15:57:04.764 [main] DEBUG io.netty.buffer.ByteBufUtil -- -Dio.netty.allocator.type: pooled
15:57:04.764 [main] DEBUG io.netty.buffer.ByteBufUtil -- -Dio.netty.threadLocalDirectBufferSize: 0
15:57:04.764 [main] DEBUG io.netty.buffer.ByteBufUtil -- -Dio.netty.maxThreadLocalCharBufferSize: 16384
15:57:04.959 [Forwarding newSession on session null to remote] DEBUG io.netty.channel.DefaultChannelId -- -Dio.netty.processId: 23224 (auto-detected)
15:57:04.960 [Forwarding newSession on session null to remote] DEBUG io.netty.util.NetUtil -- -Djava.net.preferIPv4Stack: false
15:57:04.960 [Forwarding newSession on session null to remote] DEBUG io.netty.util.NetUtil -- -Djava.net.preferIPv6Addresses: false
15:57:04.963 [Forwarding newSession on session null to remote] DEBUG io.netty.util.NetUtilInitializations -- Loopback interface: loopback_0 (Software Loopback Interface 1, 0:0:0:0:0:0:0:1)
15:57:04.963 [Forwarding newSession on session null to remote] DEBUG io.netty.util.NetUtil -- Failed to get SOMAXCONN from sysctl and file \proc\sys\net\core\somaxconn. Default: 200
15:57:04.965 [Forwarding newSession on session null to remote] DEBUG io.netty.channel.DefaultChannelId -- -Dio.netty.machineId: 00:15:5d:ff:fe:68:f9:26 (auto-detected)
15:57:04.994 [AsyncHttpClient-1-2] DEBUG io.netty.buffer.AbstractByteBuf -- -Dio.netty.buffer.checkAccessible: true
15:57:04.994 [AsyncHttpClient-1-2] DEBUG io.netty.buffer.AbstractByteBuf -- -Dio.netty.buffer.checkBounds: true
15:57:04.994 [AsyncHttpClient-1-2] DEBUG io.netty.util.ResourceLeakDetectorFactory -- Loaded default ResourceLeakDetector: io.netty.util.ResourceLeakDetector@188b53d0
15:57:05.007 [AsyncHttpClient-1-2] DEBUG org.asynchttpclient.netty.channel.NettyConnectListener -- Using new Channel '[id: 0x0a50ccb5, L:/127.0.0.1:59690 - R:localhost/127.0.0.1:32294]' for 'POST' to '/session'
15:57:05.025 [AsyncHttpClient-1-2] DEBUG io.netty.util.Recycler -- -Dio.netty.recycler.maxCapacityPerThread: 4096
15:57:05.025 [AsyncHttpClient-1-2] DEBUG io.netty.util.Recycler -- -Dio.netty.recycler.ratio: 8
15:57:05.025 [AsyncHttpClient-1-2] DEBUG io.netty.util.Recycler -- -Dio.netty.recycler.chunkSize: 32
15:57:05.025 [AsyncHttpClient-1-2] DEBUG io.netty.util.Recycler -- -Dio.netty.recycler.blocking: false
15:57:05.026 [AsyncHttpClient-1-2] DEBUG io.netty.util.Recycler -- -Dio.netty.recycler.batchFastThreadLocalOnly: true
15:57:05.768 [AsyncHttpClient-1-2] DEBUG io.netty.handler.codec.compression.Brotli -- brotli4j not in the classpath; Brotli support will be unavailable.
15:57:05.768 [AsyncHttpClient-1-2] DEBUG org.asynchttpclient.netty.handler.HttpHandler -- 

Request DefaultHttpRequest(decodeResult: success, version: HTTP/1.1)
POST /session HTTP/1.1
User-Agent: selenium/4.11.0 (java windows)
Content-Length: 336
Content-Type: application/json; charset=utf-8
host: localhost:32294
accept: */*

Response DefaultHttpResponse(decodeResult: success, version: HTTP/1.1)
HTTP/1.1 200 OK
Content-Length: 886
Content-Type: application/json; charset=utf-8
cache-control: no-cache

15:57:05.775 [AsyncHttpClient-1-2] DEBUG org.asynchttpclient.netty.channel.ChannelManager -- Adding key: http://localhost:32294 for channel [id: 0x0a50ccb5, L:/127.0.0.1:59690 - R:localhost/127.0.0.1:32294]
15:57:05.849 [AsyncHttpClient-1-3] DEBUG org.asynchttpclient.netty.channel.NettyConnectListener -- Using new Channel '[id: 0xfc2fc088, L:/127.0.0.1:59698 - R:localhost/127.0.0.1:59691]' for 'GET' to '/json/version'
15:57:05.853 [AsyncHttpClient-1-3] DEBUG org.asynchttpclient.netty.handler.HttpHandler -- 

Request DefaultFullHttpRequest(decodeResult: success, version: HTTP/1.1, content: EmptyByteBufBE)
GET /json/version HTTP/1.1
User-Agent: selenium/4.11.0 (java windows)
host: localhost:59691
accept: */*

Response DefaultHttpResponse(decodeResult: success, version: HTTP/1.1)
HTTP/1.1 200 OK
Content-Security-Policy: frame-ancestors 'none'
Content-Length: 424
Content-Type: application/json; charset=UTF-8

15:57:05.853 [AsyncHttpClient-1-3] DEBUG org.asynchttpclient.netty.channel.ChannelManager -- Adding key: http://localhost:59691 for channel [id: 0xfc2fc088, L:/127.0.0.1:59698 - R:localhost/127.0.0.1:59691]
15:57:05.867 [main] DEBUG io.netty.util.internal.ThreadLocalRandom -- -Dio.netty.initialSeedUniquifier: 0xb6991febe31021e9
15:57:05.874 [AsyncHttpClient-1-4] DEBUG org.asynchttpclient.netty.channel.NettyConnectListener -- Using new Channel '[id: 0x9737b3c6, L:/127.0.0.1:59699 - R:localhost/127.0.0.1:59691]' for 'GET' to '/devtools/browser/be22ddea-54bc-4655-8328-03f416c6ec87'
15:57:05.886 [AsyncHttpClient-1-4] DEBUG org.asynchttpclient.netty.handler.WebSocketHandler -- 

Request DefaultFullHttpRequest(decodeResult: success, version: HTTP/1.1, content: EmptyByteBufBE)
GET /devtools/browser/be22ddea-54bc-4655-8328-03f416c6ec87 HTTP/1.1
upgrade: websocket
connection: upgrade
sec-websocket-key: Va16VOpGmyks52dcbX+1/A==
sec-websocket-version: 13
origin: http://localhost:59691
host: localhost:59691
accept: */*
user-agent: AHC/2.1

Response DefaultHttpResponse(decodeResult: success, version: HTTP/1.1)
HTTP/1.1 101 WebSocket Protocol Handshake
Upgrade: WebSocket
Connection: Upgrade
Sec-WebSocket-Accept: PNRLbHlhv9ry5oNG9peSsW/g3lA=

15:57:05.918 [Forwarding maximizeCurrentWindow on session 6938da2cc9c91a86a0544aa3b6bdb7f9 to remote] DEBUG org.asynchttpclient.netty.request.NettyRequestSender -- Using pooled Channel '[id: 0x0a50ccb5, L:/127.0.0.1:59690 - R:localhost/127.0.0.1:32294]' for 'POST' to 'http://localhost:32294/session/6938da2cc9c91a86a0544aa3b6bdb7f9/window/maximize'
15:57:05.918 [Forwarding maximizeCurrentWindow on session 6938da2cc9c91a86a0544aa3b6bdb7f9 to remote] DEBUG org.asynchttpclient.netty.request.NettyRequestSender -- Using open Channel [id: 0x0a50ccb5, L:/127.0.0.1:59690 - R:localhost/127.0.0.1:32294] for POST '/session/6938da2cc9c91a86a0544aa3b6bdb7f9/window/maximize'
15:57:05.953 [AsyncHttpClient-1-2] DEBUG org.asynchttpclient.netty.handler.HttpHandler -- 

Request DefaultHttpRequest(decodeResult: success, version: HTTP/1.1)
POST /session/6938da2cc9c91a86a0544aa3b6bdb7f9/window/maximize HTTP/1.1
User-Agent: selenium/4.11.0 (java windows)
Content-Length: 3
Content-Type: application/json; charset=utf-8
host: localhost:32294
accept: */*

Response DefaultHttpResponse(decodeResult: success, version: HTTP/1.1)
HTTP/1.1 200 OK
Content-Length: 51
Content-Type: application/json; charset=utf-8
cache-control: no-cache

15:57:05.953 [AsyncHttpClient-1-2] DEBUG org.asynchttpclient.netty.channel.ChannelManager -- Adding key: http://localhost:32294 for channel [id: 0x0a50ccb5, L:/127.0.0.1:59690 - R:localhost/127.0.0.1:32294]
15:57:05.957 [Forwarding get on session 6938da2cc9c91a86a0544aa3b6bdb7f9 to remote] DEBUG org.asynchttpclient.netty.request.NettyRequestSender -- Using pooled Channel '[id: 0x0a50ccb5, L:/127.0.0.1:59690 - R:localhost/127.0.0.1:32294]' for 'POST' to 'http://localhost:32294/session/6938da2cc9c91a86a0544aa3b6bdb7f9/url'
15:57:05.957 [Forwarding get on session 6938da2cc9c91a86a0544aa3b6bdb7f9 to remote] DEBUG org.asynchttpclient.netty.request.NettyRequestSender -- Using open Channel [id: 0x0a50ccb5, L:/127.0.0.1:59690 - R:localhost/127.0.0.1:32294] for POST '/session/6938da2cc9c91a86a0544aa3b6bdb7f9/url'
15:57:06.858 [AsyncHttpClient-1-1] DEBUG org.asynchttpclient.netty.channel.DefaultChannelPool -- Entry count for : http://localhost:59691 : 1
15:57:07.967 [AsyncHttpClient-1-1] DEBUG org.asynchttpclient.netty.channel.DefaultChannelPool -- Entry count for : http://localhost:59691 : 1
15:57:09.059 [AsyncHttpClient-1-1] DEBUG org.asynchttpclient.netty.channel.DefaultChannelPool -- Entry count for : http://localhost:59691 : 1
15:57:10.162 [AsyncHttpClient-1-1] DEBUG org.asynchttpclient.netty.channel.DefaultChannelPool -- Entry count for : http://localhost:59691 : 1
15:57:11.270 [AsyncHttpClient-1-1] DEBUG org.asynchttpclient.netty.channel.DefaultChannelPool -- Entry count for : http://localhost:59691 : 1
15:57:12.362 [AsyncHttpClient-1-1] DEBUG org.asynchttpclient.netty.channel.DefaultChannelPool -- Entry count for : http://localhost:59691 : 1
15:57:13.471 [AsyncHttpClient-1-1] DEBUG org.asynchttpclient.netty.channel.DefaultChannelPool -- Entry count for : http://localhost:59691 : 1
15:57:14.566 [AsyncHttpClient-1-1] DEBUG org.asynchttpclient.netty.channel.DefaultChannelPool -- Entry count for : http://localhost:59691 : 1
15:57:15.675 [AsyncHttpClient-1-1] DEBUG org.asynchttpclient.netty.channel.DefaultChannelPool -- Entry count for : http://localhost:59691 : 1
15:57:16.759 [AsyncHttpClient-1-1] DEBUG org.asynchttpclient.netty.channel.DefaultChannelPool -- Entry count for : http://localhost:59691 : 1
15:57:17.021 [AsyncHttpClient-1-2] DEBUG org.asynchttpclient.netty.handler.HttpHandler -- 

Request DefaultHttpRequest(decodeResult: success, version: HTTP/1.1)
POST /session/6938da2cc9c91a86a0544aa3b6bdb7f9/url HTTP/1.1
User-Agent: selenium/4.11.0 (java windows)
Content-Length: 85
Content-Type: application/json; charset=utf-8
host: localhost:32294
accept: */*

Response DefaultHttpResponse(decodeResult: success, version: HTTP/1.1)
HTTP/1.1 200 OK
Content-Length: 14
Content-Type: application/json; charset=utf-8
cache-control: no-cache

15:57:17.024 [AsyncHttpClient-1-2] DEBUG org.asynchttpclient.netty.channel.ChannelManager -- Adding key: http://localhost:32294 for channel [id: 0x0a50ccb5, L:/127.0.0.1:59690 - R:localhost/127.0.0.1:32294]
15:57:17.027 [Forwarding setTimeout on session 6938da2cc9c91a86a0544aa3b6bdb7f9 to remote] DEBUG org.asynchttpclient.netty.request.NettyRequestSender -- Using pooled Channel '[id: 0x0a50ccb5, L:/127.0.0.1:59690 - R:localhost/127.0.0.1:32294]' for 'POST' to 'http://localhost:32294/session/6938da2cc9c91a86a0544aa3b6bdb7f9/timeouts'
15:57:17.029 [Forwarding setTimeout on session 6938da2cc9c91a86a0544aa3b6bdb7f9 to remote] DEBUG org.asynchttpclient.netty.request.NettyRequestSender -- Using open Channel [id: 0x0a50ccb5, L:/127.0.0.1:59690 - R:localhost/127.0.0.1:32294] for POST '/session/6938da2cc9c91a86a0544aa3b6bdb7f9/timeouts'
15:57:17.037 [AsyncHttpClient-1-2] DEBUG org.asynchttpclient.netty.handler.HttpHandler -- 

Request DefaultHttpRequest(decodeResult: success, version: HTTP/1.1)
POST /session/6938da2cc9c91a86a0544aa3b6bdb7f9/timeouts HTTP/1.1
User-Agent: selenium/4.11.0 (java windows)
Content-Length: 23
Content-Type: application/json; charset=utf-8
host: localhost:32294
accept: */*

Response DefaultHttpResponse(decodeResult: success, version: HTTP/1.1)
HTTP/1.1 200 OK
Content-Length: 14
Content-Type: application/json; charset=utf-8
cache-control: no-cache

15:57:17.037 [AsyncHttpClient-1-2] DEBUG org.asynchttpclient.netty.channel.ChannelManager -- Adding key: http://localhost:32294 for channel [id: 0x0a50ccb5, L:/127.0.0.1:59690 - R:localhost/127.0.0.1:32294]
15:57:17.060 [Forwarding findElement on session 6938da2cc9c91a86a0544aa3b6bdb7f9 to remote] DEBUG org.asynchttpclient.netty.request.NettyRequestSender -- Using pooled Channel '[id: 0x0a50ccb5, L:/127.0.0.1:59690 - R:localhost/127.0.0.1:32294]' for 'POST' to 'http://localhost:32294/session/6938da2cc9c91a86a0544aa3b6bdb7f9/element'
15:57:17.060 [Forwarding findElement on session 6938da2cc9c91a86a0544aa3b6bdb7f9 to remote] DEBUG org.asynchttpclient.netty.request.NettyRequestSender -- Using open Channel [id: 0x0a50ccb5, L:/127.0.0.1:59690 - R:localhost/127.0.0.1:32294] for POST '/session/6938da2cc9c91a86a0544aa3b6bdb7f9/element'
15:57:17.092 [AsyncHttpClient-1-2] DEBUG org.asynchttpclient.netty.handler.HttpHandler -- 

Request DefaultHttpRequest(decodeResult: success, version: HTTP/1.1)
POST /session/6938da2cc9c91a86a0544aa3b6bdb7f9/element HTTP/1.1
User-Agent: selenium/4.11.0 (java windows)
Content-Length: 66
Content-Type: application/json; charset=utf-8
host: localhost:32294
accept: */*

Response DefaultHttpResponse(decodeResult: success, version: HTTP/1.1)
HTTP/1.1 200 OK
Content-Length: 126
Content-Type: application/json; charset=utf-8
cache-control: no-cache

15:57:17.092 [AsyncHttpClient-1-2] DEBUG org.asynchttpclient.netty.channel.ChannelManager -- Adding key: http://localhost:32294 for channel [id: 0x0a50ccb5, L:/127.0.0.1:59690 - R:localhost/127.0.0.1:32294]
15:57:17.127 [Forwarding isElementDisplayed on session 6938da2cc9c91a86a0544aa3b6bdb7f9 to remote] DEBUG org.asynchttpclient.netty.request.NettyRequestSender -- Using pooled Channel '[id: 0x0a50ccb5, L:/127.0.0.1:59690 - R:localhost/127.0.0.1:32294]' for 'POST' to 'http://localhost:32294/session/6938da2cc9c91a86a0544aa3b6bdb7f9/execute/sync'
15:57:17.127 [Forwarding isElementDisplayed on session 6938da2cc9c91a86a0544aa3b6bdb7f9 to remote] DEBUG org.asynchttpclient.netty.request.NettyRequestSender -- Using open Channel [id: 0x0a50ccb5, L:/127.0.0.1:59690 - R:localhost/127.0.0.1:32294] for POST '/session/6938da2cc9c91a86a0544aa3b6bdb7f9/execute/sync'
15:57:17.169 [AsyncHttpClient-1-2] DEBUG org.asynchttpclient.netty.handler.HttpHandler -- 

Request DefaultHttpRequest(decodeResult: success, version: HTTP/1.1)
POST /session/6938da2cc9c91a86a0544aa3b6bdb7f9/execute/sync HTTP/1.1
User-Agent: selenium/4.11.0 (java windows)
Content-Length: 48845
Content-Type: application/json; charset=utf-8
host: localhost:32294
accept: */*

Response DefaultHttpResponse(decodeResult: success, version: HTTP/1.1)
HTTP/1.1 200 OK
Content-Length: 14
Content-Type: application/json; charset=utf-8
cache-control: no-cache

15:57:17.169 [AsyncHttpClient-1-2] DEBUG org.asynchttpclient.netty.channel.ChannelManager -- Adding key: http://localhost:32294 for channel [id: 0x0a50ccb5, L:/127.0.0.1:59690 - R:localhost/127.0.0.1:32294]
15:57:17.175 [Forwarding clearElement on session 6938da2cc9c91a86a0544aa3b6bdb7f9 to remote] DEBUG org.asynchttpclient.netty.request.NettyRequestSender -- Using pooled Channel '[id: 0x0a50ccb5, L:/127.0.0.1:59690 - R:localhost/127.0.0.1:32294]' for 'POST' to 'http://localhost:32294/session/6938da2cc9c91a86a0544aa3b6bdb7f9/element/f.68A0F64C72A0E3D4AF7713B3C4F16E6D.d.DCF383D1E52B4C922B9EFC9CE9B868CA.e.21/clear'
15:57:17.175 [Forwarding clearElement on session 6938da2cc9c91a86a0544aa3b6bdb7f9 to remote] DEBUG org.asynchttpclient.netty.request.NettyRequestSender -- Using open Channel [id: 0x0a50ccb5, L:/127.0.0.1:59690 - R:localhost/127.0.0.1:32294] for POST '/session/6938da2cc9c91a86a0544aa3b6bdb7f9/element/f.68A0F64C72A0E3D4AF7713B3C4F16E6D.d.DCF383D1E52B4C922B9EFC9CE9B868CA.e.21/clear'
15:57:17.250 [AsyncHttpClient-1-2] DEBUG org.asynchttpclient.netty.handler.HttpHandler -- 

Request DefaultHttpRequest(decodeResult: success, version: HTTP/1.1)
POST /session/6938da2cc9c91a86a0544aa3b6bdb7f9/element/f.68A0F64C72A0E3D4AF7713B3C4F16E6D.d.DCF383D1E52B4C922B9EFC9CE9B868CA.e.21/clear HTTP/1.1
User-Agent: selenium/4.11.0 (java windows)
Content-Length: 88
Content-Type: application/json; charset=utf-8
host: localhost:32294
accept: */*

Response DefaultHttpResponse(decodeResult: success, version: HTTP/1.1)
HTTP/1.1 200 OK
Content-Length: 14
Content-Type: application/json; charset=utf-8
cache-control: no-cache

15:57:17.250 [AsyncHttpClient-1-2] DEBUG org.asynchttpclient.netty.channel.ChannelManager -- Adding key: http://localhost:32294 for channel [id: 0x0a50ccb5, L:/127.0.0.1:59690 - R:localhost/127.0.0.1:32294]
15:57:17.257 [Forwarding sendKeysToElement on session 6938da2cc9c91a86a0544aa3b6bdb7f9 to remote] DEBUG org.asynchttpclient.netty.request.NettyRequestSender -- Using pooled Channel '[id: 0x0a50ccb5, L:/127.0.0.1:59690 - R:localhost/127.0.0.1:32294]' for 'POST' to 'http://localhost:32294/session/6938da2cc9c91a86a0544aa3b6bdb7f9/element/f.68A0F64C72A0E3D4AF7713B3C4F16E6D.d.DCF383D1E52B4C922B9EFC9CE9B868CA.e.21/value'
15:57:17.257 [Forwarding sendKeysToElement on session 6938da2cc9c91a86a0544aa3b6bdb7f9 to remote] DEBUG org.asynchttpclient.netty.request.NettyRequestSender -- Using open Channel [id: 0x0a50ccb5, L:/127.0.0.1:59690 - R:localhost/127.0.0.1:32294] for POST '/session/6938da2cc9c91a86a0544aa3b6bdb7f9/element/f.68A0F64C72A0E3D4AF7713B3C4F16E6D.d.DCF383D1E52B4C922B9EFC9CE9B868CA.e.21/value'
15:57:17.397 [AsyncHttpClient-1-2] DEBUG org.asynchttpclient.netty.handler.HttpHandler -- 

Request DefaultHttpRequest(decodeResult: success, version: HTTP/1.1)
POST /session/6938da2cc9c91a86a0544aa3b6bdb7f9/element/f.68A0F64C72A0E3D4AF7713B3C4F16E6D.d.DCF383D1E52B4C922B9EFC9CE9B868CA.e.21/value HTTP/1.1
User-Agent: selenium/4.11.0 (java windows)
Content-Length: 219
Content-Type: application/json; charset=utf-8
host: localhost:32294
accept: */*

Response DefaultHttpResponse(decodeResult: success, version: HTTP/1.1)
HTTP/1.1 200 OK
Content-Length: 14
Content-Type: application/json; charset=utf-8
cache-control: no-cache

15:57:17.399 [AsyncHttpClient-1-2] DEBUG org.asynchttpclient.netty.channel.ChannelManager -- Adding key: http://localhost:32294 for channel [id: 0x0a50ccb5, L:/127.0.0.1:59690 - R:localhost/127.0.0.1:32294]
15:57:17.399 [Forwarding findElement on session 6938da2cc9c91a86a0544aa3b6bdb7f9 to remote] DEBUG org.asynchttpclient.netty.request.NettyRequestSender -- Using pooled Channel '[id: 0x0a50ccb5, L:/127.0.0.1:59690 - R:localhost/127.0.0.1:32294]' for 'POST' to 'http://localhost:32294/session/6938da2cc9c91a86a0544aa3b6bdb7f9/element'
15:57:17.399 [Forwarding findElement on session 6938da2cc9c91a86a0544aa3b6bdb7f9 to remote] DEBUG org.asynchttpclient.netty.request.NettyRequestSender -- Using open Channel [id: 0x0a50ccb5, L:/127.0.0.1:59690 - R:localhost/127.0.0.1:32294] for POST '/session/6938da2cc9c91a86a0544aa3b6bdb7f9/element'
15:57:17.415 [AsyncHttpClient-1-2] DEBUG org.asynchttpclient.netty.handler.HttpHandler -- 

Request DefaultHttpRequest(decodeResult: success, version: HTTP/1.1)
POST /session/6938da2cc9c91a86a0544aa3b6bdb7f9/element HTTP/1.1
User-Agent: selenium/4.11.0 (java windows)
Content-Length: 66
Content-Type: application/json; charset=utf-8
host: localhost:32294
accept: */*

Response DefaultHttpResponse(decodeResult: success, version: HTTP/1.1)
HTTP/1.1 200 OK
Content-Length: 126
Content-Type: application/json; charset=utf-8
cache-control: no-cache

15:57:17.415 [AsyncHttpClient-1-2] DEBUG org.asynchttpclient.netty.channel.ChannelManager -- Adding key: http://localhost:32294 for channel [id: 0x0a50ccb5, L:/127.0.0.1:59690 - R:localhost/127.0.0.1:32294]
15:57:17.415 [Forwarding isElementDisplayed on session 6938da2cc9c91a86a0544aa3b6bdb7f9 to remote] DEBUG org.asynchttpclient.netty.request.NettyRequestSender -- Using pooled Channel '[id: 0x0a50ccb5, L:/127.0.0.1:59690 - R:localhost/127.0.0.1:32294]' for 'POST' to 'http://localhost:32294/session/6938da2cc9c91a86a0544aa3b6bdb7f9/execute/sync'
15:57:17.415 [Forwarding isElementDisplayed on session 6938da2cc9c91a86a0544aa3b6bdb7f9 to remote] DEBUG org.asynchttpclient.netty.request.NettyRequestSender -- Using open Channel [id: 0x0a50ccb5, L:/127.0.0.1:59690 - R:localhost/127.0.0.1:32294] for POST '/session/6938da2cc9c91a86a0544aa3b6bdb7f9/execute/sync'
15:57:17.432 [AsyncHttpClient-1-2] DEBUG org.asynchttpclient.netty.handler.HttpHandler -- 

Request DefaultHttpRequest(decodeResult: success, version: HTTP/1.1)
POST /session/6938da2cc9c91a86a0544aa3b6bdb7f9/execute/sync HTTP/1.1
User-Agent: selenium/4.11.0 (java windows)
Content-Length: 48845
Content-Type: application/json; charset=utf-8
host: localhost:32294
accept: */*

Response DefaultHttpResponse(decodeResult: success, version: HTTP/1.1)
HTTP/1.1 200 OK
Content-Length: 14
Content-Type: application/json; charset=utf-8
cache-control: no-cache

15:57:17.432 [AsyncHttpClient-1-2] DEBUG org.asynchttpclient.netty.channel.ChannelManager -- Adding key: http://localhost:32294 for channel [id: 0x0a50ccb5, L:/127.0.0.1:59690 - R:localhost/127.0.0.1:32294]
15:57:17.441 [Forwarding clearElement on session 6938da2cc9c91a86a0544aa3b6bdb7f9 to remote] DEBUG org.asynchttpclient.netty.request.NettyRequestSender -- Using pooled Channel '[id: 0x0a50ccb5, L:/127.0.0.1:59690 - R:localhost/127.0.0.1:32294]' for 'POST' to 'http://localhost:32294/session/6938da2cc9c91a86a0544aa3b6bdb7f9/element/f.68A0F64C72A0E3D4AF7713B3C4F16E6D.d.DCF383D1E52B4C922B9EFC9CE9B868CA.e.22/clear'
15:57:17.441 [Forwarding clearElement on session 6938da2cc9c91a86a0544aa3b6bdb7f9 to remote] DEBUG org.asynchttpclient.netty.request.NettyRequestSender -- Using open Channel [id: 0x0a50ccb5, L:/127.0.0.1:59690 - R:localhost/127.0.0.1:32294] for POST '/session/6938da2cc9c91a86a0544aa3b6bdb7f9/element/f.68A0F64C72A0E3D4AF7713B3C4F16E6D.d.DCF383D1E52B4C922B9EFC9CE9B868CA.e.22/clear'
15:57:17.466 [AsyncHttpClient-1-2] DEBUG org.asynchttpclient.netty.handler.HttpHandler -- 

Request DefaultHttpRequest(decodeResult: success, version: HTTP/1.1)
POST /session/6938da2cc9c91a86a0544aa3b6bdb7f9/element/f.68A0F64C72A0E3D4AF7713B3C4F16E6D.d.DCF383D1E52B4C922B9EFC9CE9B868CA.e.22/clear HTTP/1.1
User-Agent: selenium/4.11.0 (java windows)
Content-Length: 88
Content-Type: application/json; charset=utf-8
host: localhost:32294
accept: */*

Response DefaultHttpResponse(decodeResult: success, version: HTTP/1.1)
HTTP/1.1 200 OK
Content-Length: 14
Content-Type: application/json; charset=utf-8
cache-control: no-cache

15:57:17.466 [AsyncHttpClient-1-2] DEBUG org.asynchttpclient.netty.channel.ChannelManager -- Adding key: http://localhost:32294 for channel [id: 0x0a50ccb5, L:/127.0.0.1:59690 - R:localhost/127.0.0.1:32294]
15:57:17.466 [Forwarding sendKeysToElement on session 6938da2cc9c91a86a0544aa3b6bdb7f9 to remote] DEBUG org.asynchttpclient.netty.request.NettyRequestSender -- Using pooled Channel '[id: 0x0a50ccb5, L:/127.0.0.1:59690 - R:localhost/127.0.0.1:32294]' for 'POST' to 'http://localhost:32294/session/6938da2cc9c91a86a0544aa3b6bdb7f9/element/f.68A0F64C72A0E3D4AF7713B3C4F16E6D.d.DCF383D1E52B4C922B9EFC9CE9B868CA.e.22/value'
15:57:17.466 [Forwarding sendKeysToElement on session 6938da2cc9c91a86a0544aa3b6bdb7f9 to remote] DEBUG org.asynchttpclient.netty.request.NettyRequestSender -- Using open Channel [id: 0x0a50ccb5, L:/127.0.0.1:59690 - R:localhost/127.0.0.1:32294] for POST '/session/6938da2cc9c91a86a0544aa3b6bdb7f9/element/f.68A0F64C72A0E3D4AF7713B3C4F16E6D.d.DCF383D1E52B4C922B9EFC9CE9B868CA.e.22/value'
15:57:17.549 [AsyncHttpClient-1-2] DEBUG org.asynchttpclient.netty.handler.HttpHandler -- 

Request DefaultHttpRequest(decodeResult: success, version: HTTP/1.1)
POST /session/6938da2cc9c91a86a0544aa3b6bdb7f9/element/f.68A0F64C72A0E3D4AF7713B3C4F16E6D.d.DCF383D1E52B4C922B9EFC9CE9B868CA.e.22/value HTTP/1.1
User-Agent: selenium/4.11.0 (java windows)
Content-Length: 199
Content-Type: application/json; charset=utf-8
host: localhost:32294
accept: */*

Response DefaultHttpResponse(decodeResult: success, version: HTTP/1.1)
HTTP/1.1 200 OK
Content-Length: 14
Content-Type: application/json; charset=utf-8
cache-control: no-cache

15:57:17.549 [AsyncHttpClient-1-2] DEBUG org.asynchttpclient.netty.channel.ChannelManager -- Adding key: http://localhost:32294 for channel [id: 0x0a50ccb5, L:/127.0.0.1:59690 - R:localhost/127.0.0.1:32294]
15:57:17.551 [Forwarding findElement on session 6938da2cc9c91a86a0544aa3b6bdb7f9 to remote] DEBUG org.asynchttpclient.netty.request.NettyRequestSender -- Using pooled Channel '[id: 0x0a50ccb5, L:/127.0.0.1:59690 - R:localhost/127.0.0.1:32294]' for 'POST' to 'http://localhost:32294/session/6938da2cc9c91a86a0544aa3b6bdb7f9/element'
15:57:17.551 [Forwarding findElement on session 6938da2cc9c91a86a0544aa3b6bdb7f9 to remote] DEBUG org.asynchttpclient.netty.request.NettyRequestSender -- Using open Channel [id: 0x0a50ccb5, L:/127.0.0.1:59690 - R:localhost/127.0.0.1:32294] for POST '/session/6938da2cc9c91a86a0544aa3b6bdb7f9/element'
15:57:17.568 [AsyncHttpClient-1-2] DEBUG org.asynchttpclient.netty.handler.HttpHandler -- 

Request DefaultHttpRequest(decodeResult: success, version: HTTP/1.1)
POST /session/6938da2cc9c91a86a0544aa3b6bdb7f9/element HTTP/1.1
User-Agent: selenium/4.11.0 (java windows)
Content-Length: 104
Content-Type: application/json; charset=utf-8
host: localhost:32294
accept: */*

Response DefaultHttpResponse(decodeResult: success, version: HTTP/1.1)
HTTP/1.1 200 OK
Content-Length: 126
Content-Type: application/json; charset=utf-8
cache-control: no-cache

15:57:17.569 [AsyncHttpClient-1-2] DEBUG org.asynchttpclient.netty.channel.ChannelManager -- Adding key: http://localhost:32294 for channel [id: 0x0a50ccb5, L:/127.0.0.1:59690 - R:localhost/127.0.0.1:32294]
15:57:17.572 [Forwarding isElementDisplayed on session 6938da2cc9c91a86a0544aa3b6bdb7f9 to remote] DEBUG org.asynchttpclient.netty.request.NettyRequestSender -- Using pooled Channel '[id: 0x0a50ccb5, L:/127.0.0.1:59690 - R:localhost/127.0.0.1:32294]' for 'POST' to 'http://localhost:32294/session/6938da2cc9c91a86a0544aa3b6bdb7f9/execute/sync'
15:57:17.572 [Forwarding isElementDisplayed on session 6938da2cc9c91a86a0544aa3b6bdb7f9 to remote] DEBUG org.asynchttpclient.netty.request.NettyRequestSender -- Using open Channel [id: 0x0a50ccb5, L:/127.0.0.1:59690 - R:localhost/127.0.0.1:32294] for POST '/session/6938da2cc9c91a86a0544aa3b6bdb7f9/execute/sync'
15:57:17.585 [AsyncHttpClient-1-2] DEBUG org.asynchttpclient.netty.handler.HttpHandler -- 

Request DefaultHttpRequest(decodeResult: success, version: HTTP/1.1)
POST /session/6938da2cc9c91a86a0544aa3b6bdb7f9/execute/sync HTTP/1.1
User-Agent: selenium/4.11.0 (java windows)
Content-Length: 48845
Content-Type: application/json; charset=utf-8
host: localhost:32294
accept: */*

Response DefaultHttpResponse(decodeResult: success, version: HTTP/1.1)
HTTP/1.1 200 OK
Content-Length: 14
Content-Type: application/json; charset=utf-8
cache-control: no-cache

15:57:17.585 [AsyncHttpClient-1-2] DEBUG org.asynchttpclient.netty.channel.ChannelManager -- Adding key: http://localhost:32294 for channel [id: 0x0a50ccb5, L:/127.0.0.1:59690 - R:localhost/127.0.0.1:32294]
15:57:17.590 [Forwarding isElementEnabled on session 6938da2cc9c91a86a0544aa3b6bdb7f9 to remote] DEBUG org.asynchttpclient.netty.request.NettyRequestSender -- Using pooled Channel '[id: 0x0a50ccb5, L:/127.0.0.1:59690 - R:localhost/127.0.0.1:32294]' for 'GET' to 'http://localhost:32294/session/6938da2cc9c91a86a0544aa3b6bdb7f9/element/f.68A0F64C72A0E3D4AF7713B3C4F16E6D.d.DCF383D1E52B4C922B9EFC9CE9B868CA.e.38/enabled'
15:57:17.590 [Forwarding isElementEnabled on session 6938da2cc9c91a86a0544aa3b6bdb7f9 to remote] DEBUG org.asynchttpclient.netty.request.NettyRequestSender -- Using open Channel [id: 0x0a50ccb5, L:/127.0.0.1:59690 - R:localhost/127.0.0.1:32294] for GET '/session/6938da2cc9c91a86a0544aa3b6bdb7f9/element/f.68A0F64C72A0E3D4AF7713B3C4F16E6D.d.DCF383D1E52B4C922B9EFC9CE9B868CA.e.38/enabled'
15:57:17.612 [AsyncHttpClient-1-2] DEBUG org.asynchttpclient.netty.handler.HttpHandler -- 

Request DefaultFullHttpRequest(decodeResult: success, version: HTTP/1.1, content: EmptyByteBufBE)
GET /session/6938da2cc9c91a86a0544aa3b6bdb7f9/element/f.68A0F64C72A0E3D4AF7713B3C4F16E6D.d.DCF383D1E52B4C922B9EFC9CE9B868CA.e.38/enabled HTTP/1.1
User-Agent: selenium/4.11.0 (java windows)
Cache-Control: no-cache
Content-Type: application/json; charset=utf-8
host: localhost:32294
accept: */*

Response DefaultHttpResponse(decodeResult: success, version: HTTP/1.1)
HTTP/1.1 200 OK
Content-Length: 14
Content-Type: application/json; charset=utf-8
cache-control: no-cache

15:57:17.612 [AsyncHttpClient-1-2] DEBUG org.asynchttpclient.netty.channel.ChannelManager -- Adding key: http://localhost:32294 for channel [id: 0x0a50ccb5, L:/127.0.0.1:59690 - R:localhost/127.0.0.1:32294]
15:57:17.616 [Forwarding clickElement on session 6938da2cc9c91a86a0544aa3b6bdb7f9 to remote] DEBUG org.asynchttpclient.netty.request.NettyRequestSender -- Using pooled Channel '[id: 0x0a50ccb5, L:/127.0.0.1:59690 - R:localhost/127.0.0.1:32294]' for 'POST' to 'http://localhost:32294/session/6938da2cc9c91a86a0544aa3b6bdb7f9/element/f.68A0F64C72A0E3D4AF7713B3C4F16E6D.d.DCF383D1E52B4C922B9EFC9CE9B868CA.e.38/click'
15:57:17.616 [Forwarding clickElement on session 6938da2cc9c91a86a0544aa3b6bdb7f9 to remote] DEBUG org.asynchttpclient.netty.request.NettyRequestSender -- Using open Channel [id: 0x0a50ccb5, L:/127.0.0.1:59690 - R:localhost/127.0.0.1:32294] for POST '/session/6938da2cc9c91a86a0544aa3b6bdb7f9/element/f.68A0F64C72A0E3D4AF7713B3C4F16E6D.d.DCF383D1E52B4C922B9EFC9CE9B868CA.e.38/click'
15:57:17.704 [AsyncHttpClient-1-2] DEBUG org.asynchttpclient.netty.handler.HttpHandler -- 

Request DefaultHttpRequest(decodeResult: success, version: HTTP/1.1)
POST /session/6938da2cc9c91a86a0544aa3b6bdb7f9/element/f.68A0F64C72A0E3D4AF7713B3C4F16E6D.d.DCF383D1E52B4C922B9EFC9CE9B868CA.e.38/click HTTP/1.1
User-Agent: selenium/4.11.0 (java windows)
Content-Length: 88
Content-Type: application/json; charset=utf-8
host: localhost:32294
accept: */*

Response DefaultHttpResponse(decodeResult: success, version: HTTP/1.1)
HTTP/1.1 200 OK
Content-Length: 14
Content-Type: application/json; charset=utf-8
cache-control: no-cache

15:57:17.706 [AsyncHttpClient-1-2] DEBUG org.asynchttpclient.netty.channel.ChannelManager -- Adding key: http://localhost:32294 for channel [id: 0x0a50ccb5, L:/127.0.0.1:59690 - R:localhost/127.0.0.1:32294]
15:57:17.706 [Forwarding findElement on session 6938da2cc9c91a86a0544aa3b6bdb7f9 to remote] DEBUG org.asynchttpclient.netty.request.NettyRequestSender -- Using pooled Channel '[id: 0x0a50ccb5, L:/127.0.0.1:59690 - R:localhost/127.0.0.1:32294]' for 'POST' to 'http://localhost:32294/session/6938da2cc9c91a86a0544aa3b6bdb7f9/element'
15:57:17.706 [Forwarding findElement on session 6938da2cc9c91a86a0544aa3b6bdb7f9 to remote] DEBUG org.asynchttpclient.netty.request.NettyRequestSender -- Using open Channel [id: 0x0a50ccb5, L:/127.0.0.1:59690 - R:localhost/127.0.0.1:32294] for POST '/session/6938da2cc9c91a86a0544aa3b6bdb7f9/element'
15:57:17.861 [AsyncHttpClient-1-1] DEBUG org.asynchttpclient.netty.channel.DefaultChannelPool -- Entry count for : http://localhost:59691 : 1
15:57:18.958 [AsyncHttpClient-1-1] DEBUG org.asynchttpclient.netty.channel.DefaultChannelPool -- Entry count for : http://localhost:59691 : 1
15:57:20.062 [AsyncHttpClient-1-1] DEBUG org.asynchttpclient.netty.channel.DefaultChannelPool -- Entry count for : http://localhost:59691 : 1
15:57:21.158 [AsyncHttpClient-1-1] DEBUG org.asynchttpclient.netty.channel.DefaultChannelPool -- Entry count for : http://localhost:59691 : 1
15:57:22.262 [AsyncHttpClient-1-1] DEBUG org.asynchttpclient.netty.channel.DefaultChannelPool -- Entry count for : http://localhost:59691 : 1
15:57:23.415 [AsyncHttpClient-1-1] DEBUG org.asynchttpclient.netty.channel.DefaultChannelPool -- Entry count for : http://localhost:59691 : 1
15:57:24.458 [AsyncHttpClient-1-1] DEBUG org.asynchttpclient.netty.channel.DefaultChannelPool -- Entry count for : http://localhost:59691 : 1
15:57:25.211 [AsyncHttpClient-1-2] DEBUG org.asynchttpclient.netty.handler.HttpHandler -- 

Request DefaultHttpRequest(decodeResult: success, version: HTTP/1.1)
POST /session/6938da2cc9c91a86a0544aa3b6bdb7f9/element HTTP/1.1
User-Agent: selenium/4.11.0 (java windows)
Content-Length: 93
Content-Type: application/json; charset=utf-8
host: localhost:32294
accept: */*

Response DefaultHttpResponse(decodeResult: success, version: HTTP/1.1)
HTTP/1.1 200 OK
Content-Length: 126
Content-Type: application/json; charset=utf-8
cache-control: no-cache

15:57:25.211 [AsyncHttpClient-1-2] DEBUG org.asynchttpclient.netty.channel.ChannelManager -- Adding key: http://localhost:32294 for channel [id: 0x0a50ccb5, L:/127.0.0.1:59690 - R:localhost/127.0.0.1:32294]
15:57:25.216 [Forwarding isElementDisplayed on session 6938da2cc9c91a86a0544aa3b6bdb7f9 to remote] DEBUG org.asynchttpclient.netty.request.NettyRequestSender -- Using pooled Channel '[id: 0x0a50ccb5, L:/127.0.0.1:59690 - R:localhost/127.0.0.1:32294]' for 'POST' to 'http://localhost:32294/session/6938da2cc9c91a86a0544aa3b6bdb7f9/execute/sync'
15:57:25.219 [Forwarding isElementDisplayed on session 6938da2cc9c91a86a0544aa3b6bdb7f9 to remote] DEBUG org.asynchttpclient.netty.request.NettyRequestSender -- Using open Channel [id: 0x0a50ccb5, L:/127.0.0.1:59690 - R:localhost/127.0.0.1:32294] for POST '/session/6938da2cc9c91a86a0544aa3b6bdb7f9/execute/sync'
15:57:25.238 [AsyncHttpClient-1-2] DEBUG org.asynchttpclient.netty.handler.HttpHandler -- 

Request DefaultHttpRequest(decodeResult: success, version: HTTP/1.1)
POST /session/6938da2cc9c91a86a0544aa3b6bdb7f9/execute/sync HTTP/1.1
User-Agent: selenium/4.11.0 (java windows)
Content-Length: 48845
Content-Type: application/json; charset=utf-8
host: localhost:32294
accept: */*

Response DefaultHttpResponse(decodeResult: success, version: HTTP/1.1)
HTTP/1.1 200 OK
Content-Length: 14
Content-Type: application/json; charset=utf-8
cache-control: no-cache

15:57:25.238 [AsyncHttpClient-1-2] DEBUG org.asynchttpclient.netty.channel.ChannelManager -- Adding key: http://localhost:32294 for channel [id: 0x0a50ccb5, L:/127.0.0.1:59690 - R:localhost/127.0.0.1:32294]
15:57:25.245 [Forwarding getElementText on session 6938da2cc9c91a86a0544aa3b6bdb7f9 to remote] DEBUG org.asynchttpclient.netty.request.NettyRequestSender -- Using pooled Channel '[id: 0x0a50ccb5, L:/127.0.0.1:59690 - R:localhost/127.0.0.1:32294]' for 'GET' to 'http://localhost:32294/session/6938da2cc9c91a86a0544aa3b6bdb7f9/element/f.68A0F64C72A0E3D4AF7713B3C4F16E6D.d.A5A3282CA31EFE22A0460C1D963B1B74.e.76/text'
15:57:25.246 [Forwarding getElementText on session 6938da2cc9c91a86a0544aa3b6bdb7f9 to remote] DEBUG org.asynchttpclient.netty.request.NettyRequestSender -- Using open Channel [id: 0x0a50ccb5, L:/127.0.0.1:59690 - R:localhost/127.0.0.1:32294] for GET '/session/6938da2cc9c91a86a0544aa3b6bdb7f9/element/f.68A0F64C72A0E3D4AF7713B3C4F16E6D.d.A5A3282CA31EFE22A0460C1D963B1B74.e.76/text'
15:57:25.289 [AsyncHttpClient-1-2] DEBUG org.asynchttpclient.netty.handler.HttpHandler -- 

Request DefaultFullHttpRequest(decodeResult: success, version: HTTP/1.1, content: EmptyByteBufBE)
GET /session/6938da2cc9c91a86a0544aa3b6bdb7f9/element/f.68A0F64C72A0E3D4AF7713B3C4F16E6D.d.A5A3282CA31EFE22A0460C1D963B1B74.e.76/text HTTP/1.1
User-Agent: selenium/4.11.0 (java windows)
Cache-Control: no-cache
Content-Type: application/json; charset=utf-8
host: localhost:32294
accept: */*

Response DefaultHttpResponse(decodeResult: success, version: HTTP/1.1)
HTTP/1.1 200 OK
Content-Length: 20
Content-Type: application/json; charset=utf-8
cache-control: no-cache

15:57:25.290 [AsyncHttpClient-1-2] DEBUG org.asynchttpclient.netty.channel.ChannelManager -- Adding key: http://localhost:32294 for channel [id: 0x0a50ccb5, L:/127.0.0.1:59690 - R:localhost/127.0.0.1:32294]
]]></system-out>
    <system-err><![CDATA[Jan 20, 2025 3:57:05 PM org.openqa.selenium.devtools.CdpVersionFinder findNearestMatch
WARNING: Unable to find CDP implementation matching 131
Jan 20, 2025 3:57:05 PM org.openqa.selenium.chromium.ChromiumDriver lambda$new$5
WARNING: Unable to find version of CDP to use for 131.0.6778.265. You may need to include a dependency on a specific version of the CDP using something similar to `org.seleniumhq.selenium:selenium-devtools-v86:4.11.0` where the version ("v86") matches the version of the chromium-based browser you're using and the version number of the artifact is the same as Selenium's.
]]></system-err>
  </testcase>
</testsuite>