<?xml version="1.0" encoding="UTF-8"?>
<testng-results ignored="0" total="1" passed="1" failed="0" skipped="0">
  <reporter-output>
  </reporter-output>
  <suite started-at="2025-01-20T15:57:03 IST" name="Suite" finished-at="2025-01-20T15:57:25 IST" duration-ms="22169">
    <groups>
    </groups>
    <test started-at="2025-01-20T15:57:03 IST" name="Test" finished-at="2025-01-20T15:57:25 IST" duration-ms="22169">
      <class name="qa.tests.LoginPage">
        <test-method is-config="true" signature="setEnvironment(java.lang.String)[pri:0, instance:qa.tests.LoginPage@67e28be3]" started-at="2025-01-20T15:57:03 IST" name="setEnvironment" finished-at="2025-01-20T15:57:03 IST" duration-ms="19" status="PASS">
          <params>
            <param index="0">
              <value>
                <![CDATA[qa]]>
              </value>
            </param>
          </params>
          <reporter-output>
          </reporter-output>
        </test-method> <!-- setEnvironment -->
        <test-method is-config="true" signature="setupDriver(java.lang.String,boolean)[pri:0, instance:qa.tests.LoginPage@67e28be3]" started-at="2025-01-20T15:57:03 IST" name="setupDriver" finished-at="2025-01-20T15:57:17 IST" duration-ms="13527" status="PASS">
          <params>
            <param index="0">
              <value>
                <![CDATA[chrome]]>
              </value>
            </param>
            <param index="1">
              <value>
                <![CDATA[false]]>
              </value>
            </param>
          </params>
          <reporter-output>
          </reporter-output>
        </test-method> <!-- setupDriver -->
        <test-method signature="Login()[pri:0, instance:qa.tests.LoginPage@67e28be3]" started-at="2025-01-20T15:57:17 IST" name="Login" finished-at="2025-01-20T15:57:25 IST" duration-ms="8256" status="PASS">
          <reporter-output>
          </reporter-output>
        </test-method> <!-- Login -->
        <test-method is-config="true" signature="tearDown()[pri:0, instance:qa.tests.LoginPage@67e28be3]" started-at="2025-01-20T15:57:25 IST" name="tearDown" finished-at="2025-01-20T15:57:25 IST" duration-ms="333" status="PASS">
          <reporter-output>
          </reporter-output>
        </test-method> <!-- tearDown -->
      </class> <!-- qa.tests.LoginPage -->
    </test> <!-- Test -->
  </suite> <!-- Suite -->
</testng-results>
